<?xml version="1.0" encoding="UTF-8"?>
<testsuite name="petstore.Pet" tests="4" skipped="0" failures="0" errors="0" timestamp="2022-08-10T13:11:50" hostname="NO27-DESENV" time="8.861">
  <properties/>
  <testcase name="incluirPet" classname="petstore.Pet" time="5.731"/>
  <testcase name="consultarPet" classname="petstore.Pet" time="1.074"/>
  <testcase name="alterarPet" classname="petstore.Pet" time="0.968"/>
  <testcase name="excluirPet" classname="petstore.Pet" time="1.08"/>
  <system-out><![CDATA[Request method:	POST
Request URI:	https://petstore.swagger.io/v2/pet
Proxy:			<none>
Request params:	<none>
Query params:	<none>
Form params:	<none>
Path params:	<none>
Headers:		Accept=*/*
				Content-Type=application/Json; charset=UTF-8
Cookies:		<none>
Multiparts:		<none>
Body:
{
    "id": 9223372036854060687,
    "category": {
        "id": 1,
        "name": "cat"
    },
    "name": "Jymy",
    "photoUrls": [
        "string"
    ],
    "tags": [
        {
            "id": 2022,
            "name": "token"
        }
    ],
    "status": "available"
}
HTTP/1.1 200 OK
Date: Wed, 10 Aug 2022 13:12:06 GMT
Content-Type: application/json
Transfer-Encoding: chunked
Connection: keep-alive
Access-Control-Allow-Origin: *
Access-Control-Allow-Methods: GET, POST, DELETE, PUT
Access-Control-Allow-Headers: Content-Type, api_key, Authorization
Server: Jetty(9.2.9.v20150224)

{
    "id": 9223372036854060687,
    "category": {
        "id": 1,
        "name": "cat"
    },
    "name": "Jymy",
    "photoUrls": [
        "string"
    ],
    "tags": [
        {
            "id": 2022,
            "name": "token"
        }
    ],
    "status": "available"
}
Request method:	GET
Request URI:	https://petstore.swagger.io/v2/pet/9223372036854060687
Proxy:			<none>
Request params:	<none>
Query params:	<none>
Form params:	<none>
Path params:	<none>
Headers:		Accept=*/*
				Content-Type=aplication/json; charset=ISO-8859-1
Cookies:		<none>
Multiparts:		<none>
Body:			<none>
HTTP/1.1 200 OK
Date: Wed, 10 Aug 2022 13:12:08 GMT
Content-Type: application/json
Transfer-Encoding: chunked
Connection: keep-alive
Access-Control-Allow-Origin: *
Access-Control-Allow-Methods: GET, POST, DELETE, PUT
Access-Control-Allow-Headers: Content-Type, api_key, Authorization
Server: Jetty(9.2.9.v20150224)

{
    "id": 9223372036854060687,
    "category": {
        "id": 1,
        "name": "cat"
    },
    "name": "Jymy",
    "photoUrls": [
        "string"
    ],
    "tags": [
        {
            "id": 2022,
            "name": "token"
        }
    ],
    "status": "available"
}
 Seu soken gerado è: cat
Request method:	PUT
Request URI:	https://petstore.swagger.io/v2/pet
Proxy:			<none>
Request params:	<none>
Query params:	<none>
Form params:	<none>
Path params:	<none>
Headers:		Accept=*/*
				Content-Type=application/Json; charset=UTF-8
Cookies:		<none>
Multiparts:		<none>
Body:
{
    "id": 9223372036854060687,
    "category": {
        "id": 1,
        "name": "cat"
    },
    "name": "Jymy",
    "photoUrls": [
        "string"
    ],
    "tags": [
        {
            "id": 2022,
            "name": "token"
        }
    ],
    "status": "Vendido"
}
HTTP/1.1 200 OK
Date: Wed, 10 Aug 2022 13:12:09 GMT
Content-Type: application/json
Transfer-Encoding: chunked
Connection: keep-alive
Access-Control-Allow-Origin: *
Access-Control-Allow-Methods: GET, POST, DELETE, PUT
Access-Control-Allow-Headers: Content-Type, api_key, Authorization
Server: Jetty(9.2.9.v20150224)

{
    "id": 9223372036854060687,
    "category": {
        "id": 1,
        "name": "cat"
    },
    "name": "Jymy",
    "photoUrls": [
        "string"
    ],
    "tags": [
        {
            "id": 2022,
            "name": "token"
        }
    ],
    "status": "Vendido"
}
Este Pet esta:Vendido
Request method:	DELETE
Request URI:	https://petstore.swagger.io/v2/pet/9223372036854060687
Proxy:			<none>
Request params:	<none>
Query params:	<none>
Form params:	<none>
Path params:	<none>
Headers:		Accept=*/*
				Content-Type=application/Json; charset=UTF-8
Cookies:		<none>
Multiparts:		<none>
Body:			<none>
HTTP/1.1 200 OK
Date: Wed, 10 Aug 2022 13:12:10 GMT
Content-Type: application/json
Transfer-Encoding: chunked
Connection: keep-alive
Access-Control-Allow-Origin: *
Access-Control-Allow-Methods: GET, POST, DELETE, PUT
Access-Control-Allow-Headers: Content-Type, api_key, Authorization
Server: Jetty(9.2.9.v20150224)

{
    "code": 200,
    "type": "unknown",
    "message": "9223372036854060687"
}
]]></system-out>
  <system-err><![CDATA[]]></system-err>
</testsuite>
